{
  "uid" : "3770e01f9d11c5b1",
  "name" : "lotOfStepsTest",
  "fullName" : "my.company.ManyInfoTest.lotOfStepsTest",
  "historyId" : "45284d7134231f80356aad038e8976ed",
  "time" : {
    "start" : 1412949539801,
    "stop" : 1412949539862,
    "duration" : 61
  },
  "description" : "Testsuite has testcases with many steps\n    and\nmany lines in description\n\nI have many steps \n\n    Parent Step \n    Last \n    MakeThisTestBroken",
  "descriptionHtml" : "<p>Testsuite has testcases with many steps\nand\nmany lines in description</p>\n<p>I have many steps</p>\n<pre><code>Parent Step \nLast \nMakeThisTestBroken\n</code></pre>\n",
  "status" : "broken",
  "statusMessage" : "FileNotFoundException: No file found.",
  "statusTrace" : "java.io.FileNotFoundException: No file found.\n\tat my.company.steps.CommonSteps.makeThisTestBroken(CommonSteps.java:31)\n\tat my.company.ManyInfoTest.lotOfStepsTest(ManyInfoTest.java:44)\n\tat sun.reflect.NativeMethodAccessorImpl.invoke0(Native Method)\n\tat sun.reflect.NativeMethodAccessorImpl.invoke(NativeMethodAccessorImpl.java:57)\n\tat sun.reflect.DelegatingMethodAccessorImpl.invoke(DelegatingMethodAccessorImpl.java:43)\n\tat java.lang.reflect.Method.invoke(Method.java:601)\n\tat org.junit.runners.model.FrameworkMethod$1.runReflectiveCall(FrameworkMethod.java:47)\n\tat org.junit.internal.runners.model.ReflectiveCallable.run(ReflectiveCallable.java:12)\n\tat org.junit.runners.model.FrameworkMethod.invokeExplosively(FrameworkMethod.java:44)\n\tat org.junit.internal.runners.statements.InvokeMethod.evaluate(InvokeMethod.java:17)\n\tat org.junit.runners.ParentRunner.runLeaf(ParentRunner.java:271)\n\tat org.junit.runners.BlockJUnit4ClassRunner.runChild(BlockJUnit4ClassRunner.java:70)\n\tat org.junit.runners.BlockJUnit4ClassRunner.runChild(BlockJUnit4ClassRunner.java:50)\n\tat org.junit.runners.ParentRunner$3.run(ParentRunner.java:238)\n\tat java.util.concurrent.Executors$RunnableAdapter.call(Executors.java:471)\n\tat java.util.concurrent.FutureTask$Sync.innerRun(FutureTask.java:334)\n\tat java.util.concurrent.FutureTask.run(FutureTask.java:166)\n\tat java.util.concurrent.ThreadPoolExecutor.runWorker(ThreadPoolExecutor.java:1145)\n\tat java.util.concurrent.ThreadPoolExecutor$Worker.run(ThreadPoolExecutor.java:615)\n\tat java.lang.Thread.run(Thread.java:722)\n",
  "flaky" : false,
  "beforeStages" : [ ],
  "testStage" : {
    "status" : "broken",
    "statusMessage" : "FileNotFoundException: No file found.",
    "statusTrace" : "java.io.FileNotFoundException: No file found.\n\tat my.company.steps.CommonSteps.makeThisTestBroken(CommonSteps.java:31)\n\tat my.company.ManyInfoTest.lotOfStepsTest(ManyInfoTest.java:44)\n\tat sun.reflect.NativeMethodAccessorImpl.invoke0(Native Method)\n\tat sun.reflect.NativeMethodAccessorImpl.invoke(NativeMethodAccessorImpl.java:57)\n\tat sun.reflect.DelegatingMethodAccessorImpl.invoke(DelegatingMethodAccessorImpl.java:43)\n\tat java.lang.reflect.Method.invoke(Method.java:601)\n\tat org.junit.runners.model.FrameworkMethod$1.runReflectiveCall(FrameworkMethod.java:47)\n\tat org.junit.internal.runners.model.ReflectiveCallable.run(ReflectiveCallable.java:12)\n\tat org.junit.runners.model.FrameworkMethod.invokeExplosively(FrameworkMethod.java:44)\n\tat org.junit.internal.runners.statements.InvokeMethod.evaluate(InvokeMethod.java:17)\n\tat org.junit.runners.ParentRunner.runLeaf(ParentRunner.java:271)\n\tat org.junit.runners.BlockJUnit4ClassRunner.runChild(BlockJUnit4ClassRunner.java:70)\n\tat org.junit.runners.BlockJUnit4ClassRunner.runChild(BlockJUnit4ClassRunner.java:50)\n\tat org.junit.runners.ParentRunner$3.run(ParentRunner.java:238)\n\tat java.util.concurrent.Executors$RunnableAdapter.call(Executors.java:471)\n\tat java.util.concurrent.FutureTask$Sync.innerRun(FutureTask.java:334)\n\tat java.util.concurrent.FutureTask.run(FutureTask.java:166)\n\tat java.util.concurrent.ThreadPoolExecutor.runWorker(ThreadPoolExecutor.java:1145)\n\tat java.util.concurrent.ThreadPoolExecutor$Worker.run(ThreadPoolExecutor.java:615)\n\tat java.lang.Thread.run(Thread.java:722)\n",
    "steps" : [ {
      "name" : "Parent step",
      "time" : {
        "start" : 1412949539854,
        "stop" : 1412949539857,
        "duration" : 3
      },
      "status" : "passed",
      "steps" : [ {
        "name" : "\"First nested\" step",
        "time" : {
          "start" : 1412949539854,
          "stop" : 1412949539857,
          "duration" : 3
        },
        "status" : "passed",
        "steps" : [ ],
        "attachments" : [ ],
        "parameters" : [ ],
        "stepsCount" : 0,
        "attachmentsCount" : 0,
        "shouldDisplayMessage" : false,
        "hasContent" : false
      }, {
        "name" : "\"Second nested\" step",
        "time" : {
          "start" : 1412949539857,
          "stop" : 1412949539857,
          "duration" : 0
        },
        "status" : "passed",
        "steps" : [ ],
        "attachments" : [ ],
        "parameters" : [ ],
        "stepsCount" : 0,
        "attachmentsCount" : 0,
        "shouldDisplayMessage" : false,
        "hasContent" : false
      }, {
        "name" : "\"Third nested\" step",
        "time" : {
          "start" : 1412949539857,
          "stop" : 1412949539857,
          "duration" : 0
        },
        "status" : "passed",
        "steps" : [ ],
        "attachments" : [ ],
        "parameters" : [ ],
        "stepsCount" : 0,
        "attachmentsCount" : 0,
        "shouldDisplayMessage" : false,
        "hasContent" : false
      } ],
      "attachments" : [ ],
      "parameters" : [ ],
      "stepsCount" : 3,
      "attachmentsCount" : 0,
      "shouldDisplayMessage" : false,
      "hasContent" : true
    }, {
      "name" : "\"Last\" step",
      "time" : {
        "start" : 1412949539858,
        "stop" : 1412949539858,
        "duration" : 0
      },
      "status" : "passed",
      "steps" : [ ],
      "attachments" : [ ],
      "parameters" : [ ],
      "stepsCount" : 0,
      "attachmentsCount" : 0,
      "shouldDisplayMessage" : false,
      "hasContent" : false
    }, {
      "name" : "\n                        Very long step with many info. Very long step with many info. Very long step with many info.\n                    ",
      "time" : {
        "start" : 1412949539859,
        "stop" : 1412949539860,
        "duration" : 1
      },
      "status" : "passed",
      "steps" : [ ],
      "attachments" : [ ],
      "parameters" : [ ],
      "stepsCount" : 0,
      "attachmentsCount" : 0,
      "shouldDisplayMessage" : false,
      "hasContent" : false
    }, {
      "name" : "Make this test broken",
      "time" : {
        "start" : 1412949539858,
        "stop" : 1412949539862,
        "duration" : 4
      },
      "status" : "broken",
      "statusMessage" : "java.io.FileNotFoundException: No file found.\n\tat my.company.steps.CommonSteps.makeThisTestBroken(CommonSteps.java:31)\n\tat my.company.ManyInfoTest.lotOfStepsTest(ManyInfoTest.java:44)\n\tat sun.reflect.NativeMethodAccessorImpl.invoke0(Native Method)\n\tat sun.reflect.NativeMethodAccessorImpl.invoke(NativeMethodAccessorImpl.java:57)\n\tat sun.reflect.DelegatingMethodAccessorImpl.invoke(DelegatingMethodAccessorImpl.java:43)\n\tat java.lang.reflect.Method.invoke(Method.java:601)\n\tat org.junit.runners.model.FrameworkMethod$1.runReflectiveCall(FrameworkMethod.java:47)\n\tat org.junit.internal.runners.model.ReflectiveCallable.run(ReflectiveCallable.java:12)\n\tat org.junit.runners.model.FrameworkMethod.invokeExplosively(FrameworkMethod.java:44)\n\tat org.junit.internal.runners.statements.InvokeMethod.evaluate(InvokeMethod.java:17)\n\tat org.junit.runners.ParentRunner.runLeaf(ParentRunner.java:271)\n\tat org.junit.runners.BlockJUnit4ClassRunner.runChild(BlockJUnit4ClassRunner.java:70)\n\tat org.junit.runners.BlockJUnit4ClassRunner.runChild(BlockJUnit4ClassRunner.java:50)\n\tat org.junit.runners.ParentRunner$3.run(ParentRunner.java:238)\n\tat java.util.concurrent.Executors$RunnableAdapter.call(Executors.java:471)\n\tat java.util.concurrent.FutureTask$Sync.innerRun(FutureTask.java:334)\n\tat java.util.concurrent.FutureTask.run(FutureTask.java:166)\n\tat java.util.concurrent.ThreadPoolExecutor.runWorker(ThreadPoolExecutor.java:1145)\n\tat java.util.concurrent.ThreadPoolExecutor$Worker.run(ThreadPoolExecutor.java:615)\n\tat java.lang.Thread.run(Thread.java:722)\n",
      "steps" : [ ],
      "attachments" : [ ],
      "parameters" : [ ],
      "stepsCount" : 0,
      "attachmentsCount" : 0,
      "shouldDisplayMessage" : true,
      "hasContent" : true
    } ],
    "attachments" : [ ],
    "parameters" : [ ],
    "stepsCount" : 7,
    "attachmentsCount" : 0,
    "shouldDisplayMessage" : true,
    "hasContent" : true
  },
  "afterStages" : [ ],
  "labels" : [ {
    "name" : "framework",
    "value" : "JUnit"
  }, {
    "name" : "host",
    "value" : "my.cool.host.com"
  }, {
    "name" : "language",
    "value" : "JAVA"
  }, {
    "name" : "severity",
    "value" : "blocker"
  }, {
    "name" : "status_details",
    "value" : "flaky"
  }, {
    "name" : "testId",
    "value" : "TMS-1"
  }, {
    "name" : "thread",
    "value" : "pool-1-thread-7"
  }, {
    "name" : "suite",
    "value" : "my.company.ManyInfoTest"
  }, {
    "name" : "testClass",
    "value" : "my.company.ManyInfoTest"
  }, {
    "name" : "testMethod",
    "value" : "lotOfStepsTest"
  }, {
    "name" : "package",
    "value" : "my.company.ManyInfoTest"
  }, {
    "name" : "resultFormat",
    "value" : "allure1"
  } ],
  "parameters" : [ ],
  "links" : [ {
    "name" : "TMS-1",
    "url" : "TMS-1",
    "type" : "tms"
  } ],
  "hidden" : false,
  "retry" : false,
  "extra" : {
    "severity" : "blocker",
    "retries" : [ ],
    "categories" : [ {
      "name" : "Outdated tests",
      "messageRegex" : ".*FileNotFound.*",
      "matchedStatuses" : [ "broken" ],
      "flaky" : false
    } ],
    "history" : {
      "statistic" : {
        "failed" : 0,
        "broken" : 3,
        "skipped" : 0,
        "passed" : 0,
        "unknown" : 0,
        "total" : 3
      },
      "items" : [ {
        "uid" : "342b7804dddc8158",
        "reportUrl" : "http://example.org/build#13/AllureReport/#testcase/342b7804dddc8158",
        "status" : "broken",
        "statusDetails" : "FileNotFoundException: No file found.",
        "time" : {
          "start" : 1412949539801,
          "stop" : 1412949539862,
          "duration" : 61
        }
      }, {
        "uid" : "379f6b320fed9c0a",
        "reportUrl" : "http://example.org/build#13/AllureReport/#testcase/379f6b320fed9c0a",
        "status" : "broken",
        "statusDetails" : "FileNotFoundException: No file found.",
        "time" : {
          "start" : 1412949539801,
          "stop" : 1412949539862,
          "duration" : 61
        }
      } ]
    },
    "tags" : [ ]
  },
  "source" : "3770e01f9d11c5b1.json",
  "parameterValues" : [ ]
}