{
  "uid" : "b42aed24ea7aff75",
  "name" : "failedSimpleTest",
  "fullName" : "my.company.SimpleTest.failedSimpleTest",
  "historyId" : "caaff03984d29ec68cc05f72f3931bff",
  "time" : {
    "start" : 1412949558829,
    "stop" : 1412949558830,
    "duration" : 1
  },
  "description" : "",
  "descriptionHtml" : "",
  "status" : "failed",
  "statusMessage" : "AssertionError: 5 is not 2 + 2\nExpected: is <4>\n     but: was <5>",
  "statusTrace" : "java.lang.AssertionError: 5 is not 2 + 2\nExpected: is <4>\n     but: was <5>\n\tat org.hamcrest.MatcherAssert.assertThat(MatcherAssert.java:20)\n\tat org.junit.Assert.assertThat(Assert.java:865)\n\tat my.company.SimpleTest.failedSimpleTest(SimpleTest.java:32)\n\tat sun.reflect.NativeMethodAccessorImpl.invoke0(Native Method)\n\tat sun.reflect.NativeMethodAccessorImpl.invoke(NativeMethodAccessorImpl.java:57)\n\tat sun.reflect.DelegatingMethodAccessorImpl.invoke(DelegatingMethodAccessorImpl.java:43)\n\tat java.lang.reflect.Method.invoke(Method.java:601)\n\tat org.junit.runners.model.FrameworkMethod$1.runReflectiveCall(FrameworkMethod.java:47)\n\tat org.junit.internal.runners.model.ReflectiveCallable.run(ReflectiveCallable.java:12)\n\tat org.junit.runners.model.FrameworkMethod.invokeExplosively(FrameworkMethod.java:44)\n\tat org.junit.internal.runners.statements.InvokeMethod.evaluate(InvokeMethod.java:17)\n\tat org.junit.runners.ParentRunner.runLeaf(ParentRunner.java:271)\n\tat org.junit.runners.BlockJUnit4ClassRunner.runChild(BlockJUnit4ClassRunner.java:70)\n\tat org.junit.runners.BlockJUnit4ClassRunner.runChild(BlockJUnit4ClassRunner.java:50)\n\tat org.junit.runners.ParentRunner$3.run(ParentRunner.java:238)\n\tat java.util.concurrent.Executors$RunnableAdapter.call(Executors.java:471)\n\tat java.util.concurrent.FutureTask$Sync.innerRun(FutureTask.java:334)\n\tat java.util.concurrent.FutureTask.run(FutureTask.java:166)\n\tat java.util.concurrent.ThreadPoolExecutor.runWorker(ThreadPoolExecutor.java:1145)\n\tat java.util.concurrent.ThreadPoolExecutor$Worker.run(ThreadPoolExecutor.java:615)\n\tat java.lang.Thread.run(Thread.java:722)\n",
  "flaky" : true,
  "beforeStages" : [ ],
  "afterStages" : [ ],
  "labels" : [ {
    "name" : "framework",
    "value" : "JUnit"
  }, {
    "name" : "host",
    "value" : "my.cool.host.com"
  }, {
    "name" : "language",
    "value" : "JAVA"
  }, {
    "name" : "owner",
    "value" : "good"
  }, {
    "name" : "tag",
    "value" : ""
  }, {
    "name" : "tag",
    "value" : "first tag"
  }, {
    "name" : "tag",
    "value" : "second tag"
  }, {
    "name" : "thread",
    "value" : "pool-1-thread-27"
  }, {
    "name" : "suite",
    "value" : "my.company.SimpleTest"
  }, {
    "name" : "testClass",
    "value" : "my.company.SimpleTest"
  }, {
    "name" : "testMethod",
    "value" : "failedSimpleTest"
  }, {
    "name" : "package",
    "value" : "my.company.SimpleTest"
  }, {
    "name" : "resultFormat",
    "value" : "allure1"
  } ],
  "parameters" : [ ],
  "links" : [ ],
  "hidden" : false,
  "retry" : false,
  "extra" : {
    "severity" : "normal",
    "owner" : "good",
    "retries" : [ {
      "uid" : "53e7196b5a874daf",
      "status" : "failed",
      "statusDetails" : "AssertionError: 5 is not 2 + 2\nExpected: is <4>\n     but: was <5>",
      "time" : {
        "start" : 1412949538829,
        "stop" : 1412949548830,
        "duration" : 10001
      }
    } ],
    "categories" : [ {
      "name" : "Product defects",
      "matchedStatuses" : [ ],
      "flaky" : false
    } ],
    "history" : {
      "statistic" : {
        "failed" : 3,
        "broken" : 0,
        "skipped" : 0,
        "passed" : 0,
        "unknown" : 0,
        "total" : 3
      },
      "items" : [ {
        "uid" : "dc894b39dc85fa9a",
        "reportUrl" : "http://example.org/build#13/AllureReport/#testcase/dc894b39dc85fa9a",
        "status" : "failed",
        "statusDetails" : "AssertionError: 5 is not 2 + 2\nExpected: is <4>\n     but: was <5>",
        "time" : {
          "start" : 1412949558829,
          "stop" : 1412949558830,
          "duration" : 1
        }
      }, {
        "uid" : "eedaaf0f004a413d",
        "reportUrl" : "http://example.org/build#13/AllureReport/#testcase/eedaaf0f004a413d",
        "status" : "failed",
        "statusDetails" : "AssertionError: 5 is not 2 + 2\nExpected: is <4>\n     but: was <5>",
        "time" : {
          "start" : 1412949558829,
          "stop" : 1412949558830,
          "duration" : 1
        }
      } ]
    },
    "tags" : [ "", "second tag", "first tag" ]
  },
  "source" : "b42aed24ea7aff75.json",
  "parameterValues" : [ ]
}