{
  "uid" : "deef7310f64e7d28",
  "name" : "Test with long assertion text",
  "fullName" : "my.company.ManyInfoTest.longAssertionTest",
  "historyId" : "93d2dee14b8d8223af7c697f043e6078",
  "time" : {
    "start" : 1412949539800,
    "stop" : 1412949540461,
    "duration" : 661
  },
  "description" : "Testsuite has testcases with many steps\n    and\nmany lines in description",
  "descriptionHtml" : "<p>Testsuite has testcases with many steps\nand\nmany lines in description</p>\n",
  "status" : "failed",
  "statusMessage" : "AssertionError: \nExpected: \"{\\n\\\"name\\\": \\\"test\\\",\\n\\\"value\\\": \\\"ok value\\\"\\n}\"\n     but: was \"{\\n\\\"name\\\": \\\"test\\\",\\n\\\"value\\\": \\\"bad value\\\"\\n}\"",
  "statusTrace" : "java.lang.AssertionError: \nExpected: \"{\\n\\\"name\\\": \\\"test\\\",\\n\\\"value\\\": \\\"ok value\\\"\\n}\"\n     but: was \"{\\n\\\"name\\\": \\\"test\\\",\\n\\\"value\\\": \\\"bad value\\\"\\n}\"\n\tat org.hamcrest.MatcherAssert.assertThat(MatcherAssert.java:20)\n\tat org.junit.Assert.assertThat(Assert.java:865)\n\tat org.junit.Assert.assertThat(Assert.java:832)\n\tat my.company.ManyInfoTest.longAssertionTest(ManyInfoTest.java:57)\n\tat sun.reflect.NativeMethodAccessorImpl.invoke0(Native Method)\n\tat sun.reflect.NativeMethodAccessorImpl.invoke(NativeMethodAccessorImpl.java:57)\n\tat sun.reflect.DelegatingMethodAccessorImpl.invoke(DelegatingMethodAccessorImpl.java:43)\n\tat java.lang.reflect.Method.invoke(Method.java:601)\n\tat org.junit.runners.model.FrameworkMethod$1.runReflectiveCall(FrameworkMethod.java:47)\n\tat org.junit.internal.runners.model.ReflectiveCallable.run(ReflectiveCallable.java:12)\n\tat org.junit.runners.model.FrameworkMethod.invokeExplosively(FrameworkMethod.java:44)\n\tat org.junit.internal.runners.statements.InvokeMethod.evaluate(InvokeMethod.java:17)\n\tat org.junit.runners.ParentRunner.runLeaf(ParentRunner.java:271)\n\tat org.junit.runners.BlockJUnit4ClassRunner.runChild(BlockJUnit4ClassRunner.java:70)\n\tat org.junit.runners.BlockJUnit4ClassRunner.runChild(BlockJUnit4ClassRunner.java:50)\n\tat org.junit.runners.ParentRunner$3.run(ParentRunner.java:238)\n\tat java.util.concurrent.Executors$RunnableAdapter.call(Executors.java:471)\n\tat java.util.concurrent.FutureTask$Sync.innerRun(FutureTask.java:334)\n\tat java.util.concurrent.FutureTask.run(FutureTask.java:166)\n\tat java.util.concurrent.ThreadPoolExecutor.runWorker(ThreadPoolExecutor.java:1145)\n\tat java.util.concurrent.ThreadPoolExecutor$Worker.run(ThreadPoolExecutor.java:615)\n\tat java.lang.Thread.run(Thread.java:722)\n",
  "flaky" : false,
  "beforeStages" : [ ],
  "testStage" : {
    "status" : "failed",
    "statusMessage" : "AssertionError: \nExpected: \"{\\n\\\"name\\\": \\\"test\\\",\\n\\\"value\\\": \\\"ok value\\\"\\n}\"\n     but: was \"{\\n\\\"name\\\": \\\"test\\\",\\n\\\"value\\\": \\\"bad value\\\"\\n}\"",
    "statusTrace" : "java.lang.AssertionError: \nExpected: \"{\\n\\\"name\\\": \\\"test\\\",\\n\\\"value\\\": \\\"ok value\\\"\\n}\"\n     but: was \"{\\n\\\"name\\\": \\\"test\\\",\\n\\\"value\\\": \\\"bad value\\\"\\n}\"\n\tat org.hamcrest.MatcherAssert.assertThat(MatcherAssert.java:20)\n\tat org.junit.Assert.assertThat(Assert.java:865)\n\tat org.junit.Assert.assertThat(Assert.java:832)\n\tat my.company.ManyInfoTest.longAssertionTest(ManyInfoTest.java:57)\n\tat sun.reflect.NativeMethodAccessorImpl.invoke0(Native Method)\n\tat sun.reflect.NativeMethodAccessorImpl.invoke(NativeMethodAccessorImpl.java:57)\n\tat sun.reflect.DelegatingMethodAccessorImpl.invoke(DelegatingMethodAccessorImpl.java:43)\n\tat java.lang.reflect.Method.invoke(Method.java:601)\n\tat org.junit.runners.model.FrameworkMethod$1.runReflectiveCall(FrameworkMethod.java:47)\n\tat org.junit.internal.runners.model.ReflectiveCallable.run(ReflectiveCallable.java:12)\n\tat org.junit.runners.model.FrameworkMethod.invokeExplosively(FrameworkMethod.java:44)\n\tat org.junit.internal.runners.statements.InvokeMethod.evaluate(InvokeMethod.java:17)\n\tat org.junit.runners.ParentRunner.runLeaf(ParentRunner.java:271)\n\tat org.junit.runners.BlockJUnit4ClassRunner.runChild(BlockJUnit4ClassRunner.java:70)\n\tat org.junit.runners.BlockJUnit4ClassRunner.runChild(BlockJUnit4ClassRunner.java:50)\n\tat org.junit.runners.ParentRunner$3.run(ParentRunner.java:238)\n\tat java.util.concurrent.Executors$RunnableAdapter.call(Executors.java:471)\n\tat java.util.concurrent.FutureTask$Sync.innerRun(FutureTask.java:334)\n\tat java.util.concurrent.FutureTask.run(FutureTask.java:166)\n\tat java.util.concurrent.ThreadPoolExecutor.runWorker(ThreadPoolExecutor.java:1145)\n\tat java.util.concurrent.ThreadPoolExecutor$Worker.run(ThreadPoolExecutor.java:615)\n\tat java.lang.Thread.run(Thread.java:722)\n",
    "steps" : [ ],
    "attachments" : [ {
      "uid" : "527a5b8943f69c54",
      "name" : "System Environment",
      "source" : "527a5b8943f69c54.txt",
      "type" : "text/plain",
      "size" : 18356
    } ],
    "parameters" : [ ],
    "stepsCount" : 0,
    "attachmentsCount" : 1,
    "shouldDisplayMessage" : true,
    "hasContent" : true
  },
  "afterStages" : [ ],
  "labels" : [ {
    "name" : "framework",
    "value" : "JUnit"
  }, {
    "name" : "host",
    "value" : "my.cool.host.com"
  }, {
    "name" : "issue",
    "value" : "JIRA-1"
  }, {
    "name" : "issue",
    "value" : "JIRA-2"
  }, {
    "name" : "language",
    "value" : "JAVA"
  }, {
    "name" : "severity",
    "value" : "normal"
  }, {
    "name" : "status_details",
    "value" : "flaky"
  }, {
    "name" : "testId",
    "value" : "TMS-1"
  }, {
    "name" : "thread",
    "value" : "pool-1-thread-6"
  }, {
    "name" : "suite",
    "value" : "my.company.ManyInfoTest"
  }, {
    "name" : "testClass",
    "value" : "my.company.ManyInfoTest"
  }, {
    "name" : "testMethod",
    "value" : "longAssertionTest"
  }, {
    "name" : "package",
    "value" : "my.company.ManyInfoTest"
  }, {
    "name" : "resultFormat",
    "value" : "allure1"
  } ],
  "parameters" : [ ],
  "links" : [ {
    "name" : "JIRA-1",
    "url" : "JIRA-1",
    "type" : "issue"
  }, {
    "name" : "JIRA-2",
    "url" : "JIRA-2",
    "type" : "issue"
  }, {
    "name" : "TMS-1",
    "url" : "TMS-1",
    "type" : "tms"
  } ],
  "hidden" : false,
  "retry" : false,
  "extra" : {
    "severity" : "normal",
    "retries" : [ ],
    "categories" : [ {
      "name" : "Product defects",
      "matchedStatuses" : [ ],
      "flaky" : false
    } ],
    "history" : {
      "statistic" : {
        "failed" : 3,
        "broken" : 0,
        "skipped" : 0,
        "passed" : 0,
        "unknown" : 0,
        "total" : 3
      },
      "items" : [ {
        "uid" : "23d3b2a704fc90c8",
        "reportUrl" : "http://example.org/build#13/AllureReport/#testcase/23d3b2a704fc90c8",
        "status" : "failed",
        "statusDetails" : "AssertionError: \nExpected: \"{\\n\\\"name\\\": \\\"test\\\",\\n\\\"value\\\": \\\"ok value\\\"\\n}\"\n     but: was \"{\\n\\\"name\\\": \\\"test\\\",\\n\\\"value\\\": \\\"bad value\\\"\\n}\"",
        "time" : {
          "start" : 1412949539800,
          "stop" : 1412949540461,
          "duration" : 661
        }
      }, {
        "uid" : "8e0ac2712f83c24a",
        "reportUrl" : "http://example.org/build#13/AllureReport/#testcase/8e0ac2712f83c24a",
        "status" : "failed",
        "statusDetails" : "AssertionError: \nExpected: \"{\\n\\\"name\\\": \\\"test\\\",\\n\\\"value\\\": \\\"ok value\\\"\\n}\"\n     but: was \"{\\n\\\"name\\\": \\\"test\\\",\\n\\\"value\\\": \\\"bad value\\\"\\n}\"",
        "time" : {
          "start" : 1412949539800,
          "stop" : 1412949540461,
          "duration" : 661
        }
      } ]
    },
    "tags" : [ ]
  },
  "source" : "deef7310f64e7d28.json",
  "parameterValues" : [ ]
}